[2025-06-08 16:57:18] [INFO ] [c.c.c.CalendarAppApplication] - Starting CalendarAppApplication using Java 24 with PID 21424 (D:\Project\calendarApp\target\classes started by Jhon in D:\Project\calendarApp)
[2025-06-08 16:57:18] [INFO ] [c.c.c.CalendarAppApplication] - No active profile set, falling back to 1 default profile: "default"
[2025-06-08 16:57:19] [INFO ] [o.s.d.r.c.RepositoryConfigurationDelegate] - Bootstrapping Spring Data JPA repositories in DEFAULT mode.
[2025-06-08 16:57:19] [INFO ] [o.s.d.r.c.RepositoryConfigurationDelegate] - Finished Spring Data repository scanning in 37 ms. Found 2 JPA repository interfaces.
[2025-06-08 16:57:20] [INFO ] [o.s.b.w.e.tomcat.TomcatWebServer] - Tomcat initialized with port 8080 (http)
[2025-06-08 16:57:20] [INFO ] [o.a.coyote.http11.Http11NioProtocol] - Initializing ProtocolHandler ["http-nio-8080"]
[2025-06-08 16:57:20] [INFO ] [o.a.catalina.core.StandardService] - Starting service [Tomcat]
[2025-06-08 16:57:20] [INFO ] [o.a.catalina.core.StandardEngine] - Starting Servlet engine: [Apache Tomcat/10.1.41]
[2025-06-08 16:57:20] [INFO ] [o.a.c.c.C.[Tomcat].[localhost].[/]] - Initializing Spring embedded WebApplicationContext
[2025-06-08 16:57:20] [INFO ] [o.s.b.w.s.c.ServletWebServerApplicationContext] - Root WebApplicationContext: initialization completed in 1456 ms
[2025-06-08 16:57:20] [INFO ] [o.h.jpa.internal.util.LogHelper] - HHH000204: Processing PersistenceUnitInfo [name: default]
[2025-06-08 16:57:20] [INFO ] [org.hibernate.Version] - HHH000412: Hibernate ORM core version 6.6.15.Final
[2025-06-08 16:57:20] [INFO ] [o.h.c.i.RegionFactoryInitiator] - HHH000026: Second-level cache disabled
[2025-06-08 16:57:21] [INFO ] [o.s.o.j.p.SpringPersistenceUnitInfo] - No LoadTimeWeaver setup: ignoring JPA class transformer
[2025-06-08 16:57:21] [INFO ] [com.zaxxer.hikari.HikariDataSource] - HikariPool-1 - Starting...
[2025-06-08 16:57:21] [INFO ] [com.zaxxer.hikari.pool.HikariPool] - HikariPool-1 - Added connection org.sqlite.jdbc4.JDBC4Connection@382faf51
[2025-06-08 16:57:21] [INFO ] [com.zaxxer.hikari.HikariDataSource] - HikariPool-1 - Start completed.
[2025-06-08 16:57:21] [INFO ] [o.hibernate.orm.connections.pooling] - HHH10001005: Database info:
	Database JDBC URL [Connecting through datasource 'HikariDataSource (HikariPool-1)']
	Database driver: undefined/unknown
	Database version: 0.0
	Autocommit mode: undefined/unknown
	Isolation level: undefined/unknown
	Minimum pool size: undefined/unknown
	Maximum pool size: undefined/unknown
[2025-06-08 16:57:22] [INFO ] [o.h.e.t.j.p.i.JtaPlatformInitiator] - HHH000489: No JTA platform available (set 'hibernate.transaction.jta.platform' to enable JTA platform integration)
[2025-06-08 16:57:22] [INFO ] [o.s.o.j.LocalContainerEntityManagerFactoryBean] - Initialized JPA EntityManagerFactory for persistence unit 'default'
[2025-06-08 16:57:22] [INFO ] [o.s.d.j.r.query.QueryEnhancerFactory] - Hibernate is in classpath; If applicable, HQL parser will be used.
[2025-06-08 16:57:23] [WARN ] [o.s.b.a.o.j.JpaBaseConfiguration$JpaWebConfiguration] - spring.jpa.open-in-view is enabled by default. Therefore, database queries may be performed during view rendering. Explicitly configure spring.jpa.open-in-view to disable this warning
[2025-06-08 16:57:23] [INFO ] [o.s.s.c.a.a.c.InitializeUserDetailsBeanManagerConfigurer$InitializeUserDetailsManagerConfigurer] - Global AuthenticationManager configured with UserDetailsService bean with name customUserDetailsService
[2025-06-08 16:57:23] [DEBUG] [o.s.s.web.DefaultSecurityFilterChain] - Will secure any request with filters: DisableEncodeUrlFilter, WebAsyncManagerIntegrationFilter, SecurityContextHolderFilter, HeaderWriterFilter, CsrfFilter, LogoutFilter, UsernamePasswordAuthenticationFilter, RequestCacheAwareFilter, SecurityContextHolderAwareRequestFilter, AnonymousAuthenticationFilter, ExceptionTranslationFilter, AuthorizationFilter
[2025-06-08 16:57:24] [INFO ] [o.a.coyote.http11.Http11NioProtocol] - Starting ProtocolHandler ["http-nio-8080"]
[2025-06-08 16:57:24] [INFO ] [o.s.b.w.e.tomcat.TomcatWebServer] - Tomcat started on port 8080 (http) with context path '/'
[2025-06-08 16:57:24] [INFO ] [c.c.c.CalendarAppApplication] - Started CalendarAppApplication in 6.002 seconds (process running for 6.338)
[2025-06-08 16:57:24] [INFO ] [c.c.c.service.TaskExecutorService] - Verificando tareas pendientes para ejecutar...
[2025-06-08 16:57:24] [INFO ] [c.c.c.service.TaskExecutorService] - La tarea con ID 3 está lista para ejecutarse (programada para 2025-06-08T16:10).
[2025-06-08 16:57:24] [INFO ] [c.c.c.service.TaskExecutorService] - Ejecutando tarea ID 3 con ruta '/v1app/script/prueba2.sh'
[2025-06-08 16:57:24] [ERROR] [c.c.c.service.TaskExecutorService] - Error al ejecutar la tarea ID 3: Cannot run program "/v1app/script/prueba2.sh": CreateProcess error=2, El sistema no puede encontrar el archivo especificado
java.io.IOException: Cannot run program "/v1app/script/prueba2.sh": CreateProcess error=2, El sistema no puede encontrar el archivo especificado
	at java.base/java.lang.ProcessBuilder.start(ProcessBuilder.java:1110)
	at java.base/java.lang.ProcessBuilder.start(ProcessBuilder.java:1044)
	at com.calendarApp.calendarApp.service.TaskExecutorService.executeTask(TaskExecutorService.java:59)
	at java.base/java.util.stream.ForEachOps$ForEachOp$OfRef.accept(ForEachOps.java:186)
	at java.base/java.util.stream.ReferencePipeline$2$1.accept(ReferencePipeline.java:197)
	at java.base/java.util.ArrayList$ArrayListSpliterator.forEachRemaining(ArrayList.java:1716)
	at java.base/java.util.stream.AbstractPipeline.copyInto(AbstractPipeline.java:570)
	at java.base/java.util.stream.AbstractPipeline.wrapAndCopyInto(AbstractPipeline.java:560)
	at java.base/java.util.stream.ForEachOps$ForEachOp.evaluateSequential(ForEachOps.java:153)
	at java.base/java.util.stream.ForEachOps$ForEachOp$OfRef.evaluateSequential(ForEachOps.java:176)
	at java.base/java.util.stream.AbstractPipeline.evaluate(AbstractPipeline.java:265)
	at java.base/java.util.stream.ReferencePipeline.forEach(ReferencePipeline.java:636)
	at com.calendarApp.calendarApp.service.TaskExecutorService.checkAndExecuteTasks(TaskExecutorService.java:46)
	at java.base/jdk.internal.reflect.DirectMethodHandleAccessor.invoke(DirectMethodHandleAccessor.java:104)
	at java.base/java.lang.reflect.Method.invoke(Method.java:565)
	at org.springframework.scheduling.support.ScheduledMethodRunnable.runInternal(ScheduledMethodRunnable.java:130)
	at org.springframework.scheduling.support.ScheduledMethodRunnable.lambda$run$2(ScheduledMethodRunnable.java:124)
	at io.micrometer.observation.Observation.observe(Observation.java:498)
	at org.springframework.scheduling.support.ScheduledMethodRunnable.run(ScheduledMethodRunnable.java:124)
	at org.springframework.scheduling.config.Task$OutcomeTrackingRunnable.run(Task.java:85)
	at org.springframework.scheduling.support.DelegatingErrorHandlingRunnable.run(DelegatingErrorHandlingRunnable.java:54)
	at java.base/java.util.concurrent.Executors$RunnableAdapter.call(Executors.java:545)
	at java.base/java.util.concurrent.FutureTask.runAndReset(FutureTask.java:369)
	at java.base/java.util.concurrent.ScheduledThreadPoolExecutor$ScheduledFutureTask.run(ScheduledThreadPoolExecutor.java:310)
	at java.base/java.util.concurrent.ThreadPoolExecutor.runWorker(ThreadPoolExecutor.java:1095)
	at java.base/java.util.concurrent.ThreadPoolExecutor$Worker.run(ThreadPoolExecutor.java:619)
	at java.base/java.lang.Thread.run(Thread.java:1447)
Caused by: java.io.IOException: CreateProcess error=2, El sistema no puede encontrar el archivo especificado
	at java.base/java.lang.ProcessImpl.create(Native Method)
	at java.base/java.lang.ProcessImpl.<init>(ProcessImpl.java:485)
	at java.base/java.lang.ProcessImpl.start(ProcessImpl.java:146)
	at java.base/java.lang.ProcessBuilder.start(ProcessBuilder.java:1076)
	... 26 common frames omitted
[2025-06-08 16:57:24] [INFO ] [c.c.c.service.TaskExecutorService] - La tarea con ID 4 está lista para ejecutarse (programada para 2025-06-08T16:11).
[2025-06-08 16:57:24] [INFO ] [c.c.c.service.TaskExecutorService] - Ejecutando tarea ID 4 con ruta '/v1app/script/prueba2.sh'
[2025-06-08 16:57:24] [ERROR] [c.c.c.service.TaskExecutorService] - Error al ejecutar la tarea ID 4: Cannot run program "/v1app/script/prueba2.sh": CreateProcess error=2, El sistema no puede encontrar el archivo especificado
java.io.IOException: Cannot run program "/v1app/script/prueba2.sh": CreateProcess error=2, El sistema no puede encontrar el archivo especificado
	at java.base/java.lang.ProcessBuilder.start(ProcessBuilder.java:1110)
	at java.base/java.lang.ProcessBuilder.start(ProcessBuilder.java:1044)
	at com.calendarApp.calendarApp.service.TaskExecutorService.executeTask(TaskExecutorService.java:59)
	at java.base/java.util.stream.ForEachOps$ForEachOp$OfRef.accept(ForEachOps.java:186)
	at java.base/java.util.stream.ReferencePipeline$2$1.accept(ReferencePipeline.java:197)
	at java.base/java.util.ArrayList$ArrayListSpliterator.forEachRemaining(ArrayList.java:1716)
	at java.base/java.util.stream.AbstractPipeline.copyInto(AbstractPipeline.java:570)
	at java.base/java.util.stream.AbstractPipeline.wrapAndCopyInto(AbstractPipeline.java:560)
	at java.base/java.util.stream.ForEachOps$ForEachOp.evaluateSequential(ForEachOps.java:153)
	at java.base/java.util.stream.ForEachOps$ForEachOp$OfRef.evaluateSequential(ForEachOps.java:176)
	at java.base/java.util.stream.AbstractPipeline.evaluate(AbstractPipeline.java:265)
	at java.base/java.util.stream.ReferencePipeline.forEach(ReferencePipeline.java:636)
	at com.calendarApp.calendarApp.service.TaskExecutorService.checkAndExecuteTasks(TaskExecutorService.java:46)
	at java.base/jdk.internal.reflect.DirectMethodHandleAccessor.invoke(DirectMethodHandleAccessor.java:104)
	at java.base/java.lang.reflect.Method.invoke(Method.java:565)
	at org.springframework.scheduling.support.ScheduledMethodRunnable.runInternal(ScheduledMethodRunnable.java:130)
	at org.springframework.scheduling.support.ScheduledMethodRunnable.lambda$run$2(ScheduledMethodRunnable.java:124)
	at io.micrometer.observation.Observation.observe(Observation.java:498)
	at org.springframework.scheduling.support.ScheduledMethodRunnable.run(ScheduledMethodRunnable.java:124)
	at org.springframework.scheduling.config.Task$OutcomeTrackingRunnable.run(Task.java:85)
	at org.springframework.scheduling.support.DelegatingErrorHandlingRunnable.run(DelegatingErrorHandlingRunnable.java:54)
	at java.base/java.util.concurrent.Executors$RunnableAdapter.call(Executors.java:545)
	at java.base/java.util.concurrent.FutureTask.runAndReset(FutureTask.java:369)
	at java.base/java.util.concurrent.ScheduledThreadPoolExecutor$ScheduledFutureTask.run(ScheduledThreadPoolExecutor.java:310)
	at java.base/java.util.concurrent.ThreadPoolExecutor.runWorker(ThreadPoolExecutor.java:1095)
	at java.base/java.util.concurrent.ThreadPoolExecutor$Worker.run(ThreadPoolExecutor.java:619)
	at java.base/java.lang.Thread.run(Thread.java:1447)
Caused by: java.io.IOException: CreateProcess error=2, El sistema no puede encontrar el archivo especificado
	at java.base/java.lang.ProcessImpl.create(Native Method)
	at java.base/java.lang.ProcessImpl.<init>(ProcessImpl.java:485)
	at java.base/java.lang.ProcessImpl.start(ProcessImpl.java:146)
	at java.base/java.lang.ProcessBuilder.start(ProcessBuilder.java:1076)
	... 26 common frames omitted
[2025-06-08 16:57:24] [INFO ] [c.c.c.service.TaskExecutorService] - La tarea con ID 5 está lista para ejecutarse (programada para 2025-06-08T16:11).
[2025-06-08 16:57:24] [INFO ] [c.c.c.service.TaskExecutorService] - Ejecutando tarea ID 5 con ruta '/v1app/script/prueba.sh'
[2025-06-08 16:57:24] [ERROR] [c.c.c.service.TaskExecutorService] - Error al ejecutar la tarea ID 5: Cannot run program "/v1app/script/prueba.sh": CreateProcess error=2, El sistema no puede encontrar el archivo especificado
java.io.IOException: Cannot run program "/v1app/script/prueba.sh": CreateProcess error=2, El sistema no puede encontrar el archivo especificado
	at java.base/java.lang.ProcessBuilder.start(ProcessBuilder.java:1110)
	at java.base/java.lang.ProcessBuilder.start(ProcessBuilder.java:1044)
	at com.calendarApp.calendarApp.service.TaskExecutorService.executeTask(TaskExecutorService.java:59)
	at java.base/java.util.stream.ForEachOps$ForEachOp$OfRef.accept(ForEachOps.java:186)
	at java.base/java.util.stream.ReferencePipeline$2$1.accept(ReferencePipeline.java:197)
	at java.base/java.util.ArrayList$ArrayListSpliterator.forEachRemaining(ArrayList.java:1716)
	at java.base/java.util.stream.AbstractPipeline.copyInto(AbstractPipeline.java:570)
	at java.base/java.util.stream.AbstractPipeline.wrapAndCopyInto(AbstractPipeline.java:560)
	at java.base/java.util.stream.ForEachOps$ForEachOp.evaluateSequential(ForEachOps.java:153)
	at java.base/java.util.stream.ForEachOps$ForEachOp$OfRef.evaluateSequential(ForEachOps.java:176)
	at java.base/java.util.stream.AbstractPipeline.evaluate(AbstractPipeline.java:265)
	at java.base/java.util.stream.ReferencePipeline.forEach(ReferencePipeline.java:636)
	at com.calendarApp.calendarApp.service.TaskExecutorService.checkAndExecuteTasks(TaskExecutorService.java:46)
	at java.base/jdk.internal.reflect.DirectMethodHandleAccessor.invoke(DirectMethodHandleAccessor.java:104)
	at java.base/java.lang.reflect.Method.invoke(Method.java:565)
	at org.springframework.scheduling.support.ScheduledMethodRunnable.runInternal(ScheduledMethodRunnable.java:130)
	at org.springframework.scheduling.support.ScheduledMethodRunnable.lambda$run$2(ScheduledMethodRunnable.java:124)
	at io.micrometer.observation.Observation.observe(Observation.java:498)
	at org.springframework.scheduling.support.ScheduledMethodRunnable.run(ScheduledMethodRunnable.java:124)
	at org.springframework.scheduling.config.Task$OutcomeTrackingRunnable.run(Task.java:85)
	at org.springframework.scheduling.support.DelegatingErrorHandlingRunnable.run(DelegatingErrorHandlingRunnable.java:54)
	at java.base/java.util.concurrent.Executors$RunnableAdapter.call(Executors.java:545)
	at java.base/java.util.concurrent.FutureTask.runAndReset(FutureTask.java:369)
	at java.base/java.util.concurrent.ScheduledThreadPoolExecutor$ScheduledFutureTask.run(ScheduledThreadPoolExecutor.java:310)
	at java.base/java.util.concurrent.ThreadPoolExecutor.runWorker(ThreadPoolExecutor.java:1095)
	at java.base/java.util.concurrent.ThreadPoolExecutor$Worker.run(ThreadPoolExecutor.java:619)
	at java.base/java.lang.Thread.run(Thread.java:1447)
Caused by: java.io.IOException: CreateProcess error=2, El sistema no puede encontrar el archivo especificado
	at java.base/java.lang.ProcessImpl.create(Native Method)
	at java.base/java.lang.ProcessImpl.<init>(ProcessImpl.java:485)
	at java.base/java.lang.ProcessImpl.start(ProcessImpl.java:146)
	at java.base/java.lang.ProcessBuilder.start(ProcessBuilder.java:1076)
	... 26 common frames omitted
[2025-06-08 16:57:24] [INFO ] [c.c.c.service.TaskExecutorService] - Verificación de tareas finalizada.
[2025-06-08 16:58:24] [INFO ] [c.c.c.service.TaskExecutorService] - Verificando tareas pendientes para ejecutar...
[2025-06-08 16:58:24] [INFO ] [c.c.c.service.TaskExecutorService] - La tarea con ID 3 está lista para ejecutarse (programada para 2025-06-08T16:10).
[2025-06-08 16:58:24] [INFO ] [c.c.c.service.TaskExecutorService] - Ejecutando tarea ID 3 con ruta '/v1app/script/prueba2.sh'
[2025-06-08 16:58:24] [ERROR] [c.c.c.service.TaskExecutorService] - Error al ejecutar la tarea ID 3: Cannot run program "/v1app/script/prueba2.sh": CreateProcess error=2, El sistema no puede encontrar el archivo especificado
java.io.IOException: Cannot run program "/v1app/script/prueba2.sh": CreateProcess error=2, El sistema no puede encontrar el archivo especificado
	at java.base/java.lang.ProcessBuilder.start(ProcessBuilder.java:1110)
	at java.base/java.lang.ProcessBuilder.start(ProcessBuilder.java:1044)
	at com.calendarApp.calendarApp.service.TaskExecutorService.executeTask(TaskExecutorService.java:59)
	at java.base/java.util.stream.ForEachOps$ForEachOp$OfRef.accept(ForEachOps.java:186)
	at java.base/java.util.stream.ReferencePipeline$2$1.accept(ReferencePipeline.java:197)
	at java.base/java.util.ArrayList$ArrayListSpliterator.forEachRemaining(ArrayList.java:1716)
	at java.base/java.util.stream.AbstractPipeline.copyInto(AbstractPipeline.java:570)
	at java.base/java.util.stream.AbstractPipeline.wrapAndCopyInto(AbstractPipeline.java:560)
	at java.base/java.util.stream.ForEachOps$ForEachOp.evaluateSequential(ForEachOps.java:153)
	at java.base/java.util.stream.ForEachOps$ForEachOp$OfRef.evaluateSequential(ForEachOps.java:176)
	at java.base/java.util.stream.AbstractPipeline.evaluate(AbstractPipeline.java:265)
	at java.base/java.util.stream.ReferencePipeline.forEach(ReferencePipeline.java:636)
	at com.calendarApp.calendarApp.service.TaskExecutorService.checkAndExecuteTasks(TaskExecutorService.java:46)
	at java.base/jdk.internal.reflect.DirectMethodHandleAccessor.invoke(DirectMethodHandleAccessor.java:104)
	at java.base/java.lang.reflect.Method.invoke(Method.java:565)
	at org.springframework.scheduling.support.ScheduledMethodRunnable.runInternal(ScheduledMethodRunnable.java:130)
	at org.springframework.scheduling.support.ScheduledMethodRunnable.lambda$run$2(ScheduledMethodRunnable.java:124)
	at io.micrometer.observation.Observation.observe(Observation.java:498)
	at org.springframework.scheduling.support.ScheduledMethodRunnable.run(ScheduledMethodRunnable.java:124)
	at org.springframework.scheduling.config.Task$OutcomeTrackingRunnable.run(Task.java:85)
	at org.springframework.scheduling.support.DelegatingErrorHandlingRunnable.run(DelegatingErrorHandlingRunnable.java:54)
	at java.base/java.util.concurrent.Executors$RunnableAdapter.call(Executors.java:545)
	at java.base/java.util.concurrent.FutureTask.runAndReset(FutureTask.java:369)
	at java.base/java.util.concurrent.ScheduledThreadPoolExecutor$ScheduledFutureTask.run(ScheduledThreadPoolExecutor.java:310)
	at java.base/java.util.concurrent.ThreadPoolExecutor.runWorker(ThreadPoolExecutor.java:1095)
	at java.base/java.util.concurrent.ThreadPoolExecutor$Worker.run(ThreadPoolExecutor.java:619)
	at java.base/java.lang.Thread.run(Thread.java:1447)
Caused by: java.io.IOException: CreateProcess error=2, El sistema no puede encontrar el archivo especificado
	at java.base/java.lang.ProcessImpl.create(Native Method)
	at java.base/java.lang.ProcessImpl.<init>(ProcessImpl.java:485)
	at java.base/java.lang.ProcessImpl.start(ProcessImpl.java:146)
	at java.base/java.lang.ProcessBuilder.start(ProcessBuilder.java:1076)
	... 26 common frames omitted
[2025-06-08 16:58:24] [INFO ] [c.c.c.service.TaskExecutorService] - La tarea con ID 4 está lista para ejecutarse (programada para 2025-06-08T16:11).
[2025-06-08 16:58:24] [INFO ] [c.c.c.service.TaskExecutorService] - Ejecutando tarea ID 4 con ruta '/v1app/script/prueba2.sh'
[2025-06-08 16:58:24] [ERROR] [c.c.c.service.TaskExecutorService] - Error al ejecutar la tarea ID 4: Cannot run program "/v1app/script/prueba2.sh": CreateProcess error=2, El sistema no puede encontrar el archivo especificado
java.io.IOException: Cannot run program "/v1app/script/prueba2.sh": CreateProcess error=2, El sistema no puede encontrar el archivo especificado
	at java.base/java.lang.ProcessBuilder.start(ProcessBuilder.java:1110)
	at java.base/java.lang.ProcessBuilder.start(ProcessBuilder.java:1044)
	at com.calendarApp.calendarApp.service.TaskExecutorService.executeTask(TaskExecutorService.java:59)
	at java.base/java.util.stream.ForEachOps$ForEachOp$OfRef.accept(ForEachOps.java:186)
	at java.base/java.util.stream.ReferencePipeline$2$1.accept(ReferencePipeline.java:197)
	at java.base/java.util.ArrayList$ArrayListSpliterator.forEachRemaining(ArrayList.java:1716)
	at java.base/java.util.stream.AbstractPipeline.copyInto(AbstractPipeline.java:570)
	at java.base/java.util.stream.AbstractPipeline.wrapAndCopyInto(AbstractPipeline.java:560)
	at java.base/java.util.stream.ForEachOps$ForEachOp.evaluateSequential(ForEachOps.java:153)
	at java.base/java.util.stream.ForEachOps$ForEachOp$OfRef.evaluateSequential(ForEachOps.java:176)
	at java.base/java.util.stream.AbstractPipeline.evaluate(AbstractPipeline.java:265)
	at java.base/java.util.stream.ReferencePipeline.forEach(ReferencePipeline.java:636)
	at com.calendarApp.calendarApp.service.TaskExecutorService.checkAndExecuteTasks(TaskExecutorService.java:46)
	at java.base/jdk.internal.reflect.DirectMethodHandleAccessor.invoke(DirectMethodHandleAccessor.java:104)
	at java.base/java.lang.reflect.Method.invoke(Method.java:565)
	at org.springframework.scheduling.support.ScheduledMethodRunnable.runInternal(ScheduledMethodRunnable.java:130)
	at org.springframework.scheduling.support.ScheduledMethodRunnable.lambda$run$2(ScheduledMethodRunnable.java:124)
	at io.micrometer.observation.Observation.observe(Observation.java:498)
	at org.springframework.scheduling.support.ScheduledMethodRunnable.run(ScheduledMethodRunnable.java:124)
	at org.springframework.scheduling.config.Task$OutcomeTrackingRunnable.run(Task.java:85)
	at org.springframework.scheduling.support.DelegatingErrorHandlingRunnable.run(DelegatingErrorHandlingRunnable.java:54)
	at java.base/java.util.concurrent.Executors$RunnableAdapter.call(Executors.java:545)
	at java.base/java.util.concurrent.FutureTask.runAndReset(FutureTask.java:369)
	at java.base/java.util.concurrent.ScheduledThreadPoolExecutor$ScheduledFutureTask.run(ScheduledThreadPoolExecutor.java:310)
	at java.base/java.util.concurrent.ThreadPoolExecutor.runWorker(ThreadPoolExecutor.java:1095)
	at java.base/java.util.concurrent.ThreadPoolExecutor$Worker.run(ThreadPoolExecutor.java:619)
	at java.base/java.lang.Thread.run(Thread.java:1447)
Caused by: java.io.IOException: CreateProcess error=2, El sistema no puede encontrar el archivo especificado
	at java.base/java.lang.ProcessImpl.create(Native Method)
	at java.base/java.lang.ProcessImpl.<init>(ProcessImpl.java:485)
	at java.base/java.lang.ProcessImpl.start(ProcessImpl.java:146)
	at java.base/java.lang.ProcessBuilder.start(ProcessBuilder.java:1076)
	... 26 common frames omitted
[2025-06-08 16:58:24] [INFO ] [c.c.c.service.TaskExecutorService] - La tarea con ID 5 está lista para ejecutarse (programada para 2025-06-08T16:11).
[2025-06-08 16:58:24] [INFO ] [c.c.c.service.TaskExecutorService] - Ejecutando tarea ID 5 con ruta '/v1app/script/prueba.sh'
[2025-06-08 16:58:24] [ERROR] [c.c.c.service.TaskExecutorService] - Error al ejecutar la tarea ID 5: Cannot run program "/v1app/script/prueba.sh": CreateProcess error=2, El sistema no puede encontrar el archivo especificado
java.io.IOException: Cannot run program "/v1app/script/prueba.sh": CreateProcess error=2, El sistema no puede encontrar el archivo especificado
	at java.base/java.lang.ProcessBuilder.start(ProcessBuilder.java:1110)
	at java.base/java.lang.ProcessBuilder.start(ProcessBuilder.java:1044)
	at com.calendarApp.calendarApp.service.TaskExecutorService.executeTask(TaskExecutorService.java:59)
	at java.base/java.util.stream.ForEachOps$ForEachOp$OfRef.accept(ForEachOps.java:186)
	at java.base/java.util.stream.ReferencePipeline$2$1.accept(ReferencePipeline.java:197)
	at java.base/java.util.ArrayList$ArrayListSpliterator.forEachRemaining(ArrayList.java:1716)
	at java.base/java.util.stream.AbstractPipeline.copyInto(AbstractPipeline.java:570)
	at java.base/java.util.stream.AbstractPipeline.wrapAndCopyInto(AbstractPipeline.java:560)
	at java.base/java.util.stream.ForEachOps$ForEachOp.evaluateSequential(ForEachOps.java:153)
	at java.base/java.util.stream.ForEachOps$ForEachOp$OfRef.evaluateSequential(ForEachOps.java:176)
	at java.base/java.util.stream.AbstractPipeline.evaluate(AbstractPipeline.java:265)
	at java.base/java.util.stream.ReferencePipeline.forEach(ReferencePipeline.java:636)
	at com.calendarApp.calendarApp.service.TaskExecutorService.checkAndExecuteTasks(TaskExecutorService.java:46)
	at java.base/jdk.internal.reflect.DirectMethodHandleAccessor.invoke(DirectMethodHandleAccessor.java:104)
	at java.base/java.lang.reflect.Method.invoke(Method.java:565)
	at org.springframework.scheduling.support.ScheduledMethodRunnable.runInternal(ScheduledMethodRunnable.java:130)
	at org.springframework.scheduling.support.ScheduledMethodRunnable.lambda$run$2(ScheduledMethodRunnable.java:124)
	at io.micrometer.observation.Observation.observe(Observation.java:498)
	at org.springframework.scheduling.support.ScheduledMethodRunnable.run(ScheduledMethodRunnable.java:124)
	at org.springframework.scheduling.config.Task$OutcomeTrackingRunnable.run(Task.java:85)
	at org.springframework.scheduling.support.DelegatingErrorHandlingRunnable.run(DelegatingErrorHandlingRunnable.java:54)
	at java.base/java.util.concurrent.Executors$RunnableAdapter.call(Executors.java:545)
	at java.base/java.util.concurrent.FutureTask.runAndReset(FutureTask.java:369)
	at java.base/java.util.concurrent.ScheduledThreadPoolExecutor$ScheduledFutureTask.run(ScheduledThreadPoolExecutor.java:310)
	at java.base/java.util.concurrent.ThreadPoolExecutor.runWorker(ThreadPoolExecutor.java:1095)
	at java.base/java.util.concurrent.ThreadPoolExecutor$Worker.run(ThreadPoolExecutor.java:619)
	at java.base/java.lang.Thread.run(Thread.java:1447)
Caused by: java.io.IOException: CreateProcess error=2, El sistema no puede encontrar el archivo especificado
	at java.base/java.lang.ProcessImpl.create(Native Method)
	at java.base/java.lang.ProcessImpl.<init>(ProcessImpl.java:485)
	at java.base/java.lang.ProcessImpl.start(ProcessImpl.java:146)
	at java.base/java.lang.ProcessBuilder.start(ProcessBuilder.java:1076)
	... 26 common frames omitted
[2025-06-08 16:58:24] [INFO ] [c.c.c.service.TaskExecutorService] - Verificación de tareas finalizada.
[2025-06-08 16:58:38] [INFO ] [o.s.b.w.e.tomcat.GracefulShutdown] - Commencing graceful shutdown. Waiting for active requests to complete
[2025-06-08 16:58:38] [INFO ] [o.s.b.w.e.tomcat.GracefulShutdown] - Graceful shutdown complete
[2025-06-08 16:58:38] [INFO ] [o.s.o.j.LocalContainerEntityManagerFactoryBean] - Closing JPA EntityManagerFactory for persistence unit 'default'
[2025-06-08 16:58:38] [INFO ] [com.zaxxer.hikari.HikariDataSource] - HikariPool-1 - Shutdown initiated...
[2025-06-08 16:58:38] [INFO ] [com.zaxxer.hikari.HikariDataSource] - HikariPool-1 - Shutdown completed.
[2025-06-08 16:59:21] [INFO ] [c.c.c.CalendarAppApplication] - Starting CalendarAppApplication using Java 24 with PID 7656 (D:\Project\calendarApp\target\classes started by Jhon in D:\Project\calendarApp)
[2025-06-08 16:59:21] [INFO ] [c.c.c.CalendarAppApplication] - No active profile set, falling back to 1 default profile: "default"
[2025-06-08 16:59:21] [INFO ] [o.s.d.r.c.RepositoryConfigurationDelegate] - Bootstrapping Spring Data JPA repositories in DEFAULT mode.
[2025-06-08 16:59:21] [INFO ] [o.s.d.r.c.RepositoryConfigurationDelegate] - Finished Spring Data repository scanning in 38 ms. Found 2 JPA repository interfaces.
[2025-06-08 16:59:22] [INFO ] [o.s.b.w.e.tomcat.TomcatWebServer] - Tomcat initialized with port 8080 (http)
[2025-06-08 16:59:22] [INFO ] [o.a.coyote.http11.Http11NioProtocol] - Initializing ProtocolHandler ["http-nio-8080"]
[2025-06-08 16:59:22] [INFO ] [o.a.catalina.core.StandardService] - Starting service [Tomcat]
[2025-06-08 16:59:22] [INFO ] [o.a.catalina.core.StandardEngine] - Starting Servlet engine: [Apache Tomcat/10.1.41]
[2025-06-08 16:59:22] [INFO ] [o.a.c.c.C.[Tomcat].[localhost].[/]] - Initializing Spring embedded WebApplicationContext
[2025-06-08 16:59:22] [INFO ] [o.s.b.w.s.c.ServletWebServerApplicationContext] - Root WebApplicationContext: initialization completed in 1462 ms
[2025-06-08 16:59:23] [INFO ] [o.h.jpa.internal.util.LogHelper] - HHH000204: Processing PersistenceUnitInfo [name: default]
[2025-06-08 16:59:23] [INFO ] [org.hibernate.Version] - HHH000412: Hibernate ORM core version 6.6.15.Final
[2025-06-08 16:59:23] [INFO ] [o.h.c.i.RegionFactoryInitiator] - HHH000026: Second-level cache disabled
[2025-06-08 16:59:23] [INFO ] [o.s.o.j.p.SpringPersistenceUnitInfo] - No LoadTimeWeaver setup: ignoring JPA class transformer
[2025-06-08 16:59:23] [INFO ] [com.zaxxer.hikari.HikariDataSource] - HikariPool-1 - Starting...
[2025-06-08 16:59:23] [INFO ] [com.zaxxer.hikari.pool.HikariPool] - HikariPool-1 - Added connection org.sqlite.jdbc4.JDBC4Connection@5e51ec2e
[2025-06-08 16:59:23] [INFO ] [com.zaxxer.hikari.HikariDataSource] - HikariPool-1 - Start completed.
[2025-06-08 16:59:23] [INFO ] [o.hibernate.orm.connections.pooling] - HHH10001005: Database info:
	Database JDBC URL [Connecting through datasource 'HikariDataSource (HikariPool-1)']
	Database driver: undefined/unknown
	Database version: 0.0
	Autocommit mode: undefined/unknown
	Isolation level: undefined/unknown
	Minimum pool size: undefined/unknown
	Maximum pool size: undefined/unknown
[2025-06-08 16:59:24] [INFO ] [o.h.e.t.j.p.i.JtaPlatformInitiator] - HHH000489: No JTA platform available (set 'hibernate.transaction.jta.platform' to enable JTA platform integration)
[2025-06-08 16:59:24] [INFO ] [o.s.o.j.LocalContainerEntityManagerFactoryBean] - Initialized JPA EntityManagerFactory for persistence unit 'default'
[2025-06-08 16:59:24] [INFO ] [o.s.d.j.r.query.QueryEnhancerFactory] - Hibernate is in classpath; If applicable, HQL parser will be used.
[2025-06-08 16:59:25] [WARN ] [o.s.b.a.o.j.JpaBaseConfiguration$JpaWebConfiguration] - spring.jpa.open-in-view is enabled by default. Therefore, database queries may be performed during view rendering. Explicitly configure spring.jpa.open-in-view to disable this warning
[2025-06-08 16:59:26] [INFO ] [o.s.s.c.a.a.c.InitializeUserDetailsBeanManagerConfigurer$InitializeUserDetailsManagerConfigurer] - Global AuthenticationManager configured with UserDetailsService bean with name customUserDetailsService
[2025-06-08 16:59:26] [DEBUG] [o.s.s.web.DefaultSecurityFilterChain] - Will secure any request with filters: DisableEncodeUrlFilter, WebAsyncManagerIntegrationFilter, SecurityContextHolderFilter, HeaderWriterFilter, CsrfFilter, LogoutFilter, UsernamePasswordAuthenticationFilter, RequestCacheAwareFilter, SecurityContextHolderAwareRequestFilter, AnonymousAuthenticationFilter, ExceptionTranslationFilter, AuthorizationFilter
[2025-06-08 16:59:26] [INFO ] [o.a.coyote.http11.Http11NioProtocol] - Starting ProtocolHandler ["http-nio-8080"]
[2025-06-08 16:59:26] [INFO ] [o.s.b.w.e.tomcat.TomcatWebServer] - Tomcat started on port 8080 (http) with context path '/'
[2025-06-08 16:59:26] [INFO ] [c.c.c.CalendarAppApplication] - Started CalendarAppApplication in 6.157 seconds (process running for 6.479)
[2025-06-08 16:59:26] [INFO ] [c.c.c.service.TaskExecutorService] - Verificando tareas pendientes para ejecutar...
[2025-06-08 16:59:27] [WARN ] [c.c.c.service.TaskExecutorService] - ❌ La ruta '/v1app/script/prueba2.sh' de la tarea ID 3 no existe. Se omite la ejecución.
[2025-06-08 16:59:27] [WARN ] [c.c.c.service.TaskExecutorService] - ❌ La ruta '/v1app/script/prueba2.sh' de la tarea ID 4 no existe. Se omite la ejecución.
[2025-06-08 16:59:27] [WARN ] [c.c.c.service.TaskExecutorService] - ❌ La ruta '/v1app/script/prueba.sh' de la tarea ID 5 no existe. Se omite la ejecución.
[2025-06-08 16:59:27] [INFO ] [c.c.c.service.TaskExecutorService] - Verificación de tareas finalizada.
[2025-06-08 16:59:42] [INFO ] [o.s.b.w.e.tomcat.GracefulShutdown] - Commencing graceful shutdown. Waiting for active requests to complete
[2025-06-08 16:59:42] [INFO ] [o.s.b.w.e.tomcat.GracefulShutdown] - Graceful shutdown complete
[2025-06-08 16:59:42] [INFO ] [o.s.o.j.LocalContainerEntityManagerFactoryBean] - Closing JPA EntityManagerFactory for persistence unit 'default'
[2025-06-08 16:59:42] [INFO ] [com.zaxxer.hikari.HikariDataSource] - HikariPool-1 - Shutdown initiated...
[2025-06-08 16:59:42] [INFO ] [com.zaxxer.hikari.HikariDataSource] - HikariPool-1 - Shutdown completed.
[2025-06-08 17:00:38] [INFO ] [c.c.c.CalendarAppApplication] - Starting CalendarAppApplication using Java 24 with PID 25040 (D:\Project\calendarApp\target\classes started by Jhon in D:\Project\calendarApp)
[2025-06-08 17:00:38] [INFO ] [c.c.c.CalendarAppApplication] - No active profile set, falling back to 1 default profile: "default"
[2025-06-08 17:00:39] [INFO ] [o.s.d.r.c.RepositoryConfigurationDelegate] - Bootstrapping Spring Data JPA repositories in DEFAULT mode.
[2025-06-08 17:00:39] [INFO ] [o.s.d.r.c.RepositoryConfigurationDelegate] - Finished Spring Data repository scanning in 37 ms. Found 2 JPA repository interfaces.
[2025-06-08 17:00:40] [INFO ] [o.s.b.w.e.tomcat.TomcatWebServer] - Tomcat initialized with port 8080 (http)
[2025-06-08 17:00:40] [INFO ] [o.a.coyote.http11.Http11NioProtocol] - Initializing ProtocolHandler ["http-nio-8080"]
[2025-06-08 17:00:40] [INFO ] [o.a.catalina.core.StandardService] - Starting service [Tomcat]
[2025-06-08 17:00:40] [INFO ] [o.a.catalina.core.StandardEngine] - Starting Servlet engine: [Apache Tomcat/10.1.41]
[2025-06-08 17:00:40] [INFO ] [o.a.c.c.C.[Tomcat].[localhost].[/]] - Initializing Spring embedded WebApplicationContext
[2025-06-08 17:00:40] [INFO ] [o.s.b.w.s.c.ServletWebServerApplicationContext] - Root WebApplicationContext: initialization completed in 1556 ms
[2025-06-08 17:00:40] [INFO ] [o.h.jpa.internal.util.LogHelper] - HHH000204: Processing PersistenceUnitInfo [name: default]
[2025-06-08 17:00:40] [INFO ] [org.hibernate.Version] - HHH000412: Hibernate ORM core version 6.6.15.Final
[2025-06-08 17:00:40] [INFO ] [o.h.c.i.RegionFactoryInitiator] - HHH000026: Second-level cache disabled
[2025-06-08 17:00:40] [INFO ] [o.s.o.j.p.SpringPersistenceUnitInfo] - No LoadTimeWeaver setup: ignoring JPA class transformer
[2025-06-08 17:00:41] [INFO ] [com.zaxxer.hikari.HikariDataSource] - HikariPool-1 - Starting...
[2025-06-08 17:00:41] [INFO ] [com.zaxxer.hikari.pool.HikariPool] - HikariPool-1 - Added connection org.sqlite.jdbc4.JDBC4Connection@4c65d8e3
[2025-06-08 17:00:41] [INFO ] [com.zaxxer.hikari.HikariDataSource] - HikariPool-1 - Start completed.
[2025-06-08 17:00:41] [INFO ] [o.hibernate.orm.connections.pooling] - HHH10001005: Database info:
	Database JDBC URL [Connecting through datasource 'HikariDataSource (HikariPool-1)']
	Database driver: undefined/unknown
	Database version: 0.0
	Autocommit mode: undefined/unknown
	Isolation level: undefined/unknown
	Minimum pool size: undefined/unknown
	Maximum pool size: undefined/unknown
[2025-06-08 17:00:41] [INFO ] [o.h.e.t.j.p.i.JtaPlatformInitiator] - HHH000489: No JTA platform available (set 'hibernate.transaction.jta.platform' to enable JTA platform integration)
[2025-06-08 17:00:41] [INFO ] [o.s.o.j.LocalContainerEntityManagerFactoryBean] - Initialized JPA EntityManagerFactory for persistence unit 'default'
[2025-06-08 17:00:42] [INFO ] [o.s.d.j.r.query.QueryEnhancerFactory] - Hibernate is in classpath; If applicable, HQL parser will be used.
[2025-06-08 17:00:42] [WARN ] [o.s.b.a.o.j.JpaBaseConfiguration$JpaWebConfiguration] - spring.jpa.open-in-view is enabled by default. Therefore, database queries may be performed during view rendering. Explicitly configure spring.jpa.open-in-view to disable this warning
[2025-06-08 17:00:43] [INFO ] [o.s.s.c.a.a.c.InitializeUserDetailsBeanManagerConfigurer$InitializeUserDetailsManagerConfigurer] - Global AuthenticationManager configured with UserDetailsService bean with name customUserDetailsService
[2025-06-08 17:00:43] [DEBUG] [o.s.s.web.DefaultSecurityFilterChain] - Will secure any request with filters: DisableEncodeUrlFilter, WebAsyncManagerIntegrationFilter, SecurityContextHolderFilter, HeaderWriterFilter, CsrfFilter, LogoutFilter, UsernamePasswordAuthenticationFilter, RequestCacheAwareFilter, SecurityContextHolderAwareRequestFilter, AnonymousAuthenticationFilter, ExceptionTranslationFilter, AuthorizationFilter
[2025-06-08 17:00:43] [INFO ] [o.a.coyote.http11.Http11NioProtocol] - Starting ProtocolHandler ["http-nio-8080"]
[2025-06-08 17:00:43] [INFO ] [o.s.b.w.e.tomcat.TomcatWebServer] - Tomcat started on port 8080 (http) with context path '/'
[2025-06-08 17:00:43] [INFO ] [c.c.c.CalendarAppApplication] - Started CalendarAppApplication in 5.684 seconds (process running for 6.008)
[2025-06-08 17:00:43] [INFO ] [c.c.c.service.TaskExecutorService] - Verificando tareas pendientes para ejecutar...
[2025-06-08 17:00:43] [WARN ] [c.c.c.service.TaskExecutorService] - ❌ La ruta '/v1app/script/prueba2.sh' de la tarea ID 3 no existe. Se omite la ejecución.
[2025-06-08 17:00:43] [WARN ] [c.c.c.service.TaskExecutorService] - ❌ La ruta '/v1app/script/prueba2.sh' de la tarea ID 4 no existe. Se omite la ejecución.
[2025-06-08 17:00:43] [WARN ] [c.c.c.service.TaskExecutorService] - ❌ La ruta '/v1app/script/prueba.sh' de la tarea ID 5 no existe. Se omite la ejecución.
[2025-06-08 17:00:43] [INFO ] [c.c.c.service.TaskExecutorService] - Verificación de tareas finalizada.
[2025-06-08 17:01:07] [INFO ] [o.a.c.c.C.[Tomcat].[localhost].[/]] - Initializing Spring DispatcherServlet 'dispatcherServlet'
[2025-06-08 17:01:07] [INFO ] [o.s.web.servlet.DispatcherServlet] - Initializing Servlet 'dispatcherServlet'
[2025-06-08 17:01:07] [INFO ] [o.s.web.servlet.DispatcherServlet] - Completed initialization in 1 ms
[2025-06-08 17:01:07] [DEBUG] [o.s.security.web.FilterChainProxy] - Securing GET /login
[2025-06-08 17:01:07] [DEBUG] [o.s.security.web.FilterChainProxy] - Secured GET /login
[2025-06-08 17:01:08] [DEBUG] [o.s.s.w.a.AnonymousAuthenticationFilter] - Set SecurityContextHolder to anonymous SecurityContext
[2025-06-08 17:01:08] [DEBUG] [o.s.security.web.FilterChainProxy] - Securing GET /css/style.css
[2025-06-08 17:01:08] [DEBUG] [o.s.security.web.FilterChainProxy] - Secured GET /css/style.css
[2025-06-08 17:01:08] [DEBUG] [o.s.s.w.a.AnonymousAuthenticationFilter] - Set SecurityContextHolder to anonymous SecurityContext
[2025-06-08 17:01:31] [DEBUG] [o.s.security.web.FilterChainProxy] - Securing POST /login
[2025-06-08 17:01:32] [DEBUG] [o.s.s.a.d.DaoAuthenticationProvider] - Authenticated user
[2025-06-08 17:01:32] [DEBUG] [o.s.s.w.a.s.ChangeSessionIdAuthenticationStrategy] - Changed session id from 65200F846BEF080244E6ECDE886BD538
[2025-06-08 17:01:32] [DEBUG] [o.s.s.w.c.CsrfAuthenticationStrategy] - Replaced CSRF Token
[2025-06-08 17:01:32] [DEBUG] [o.s.s.w.c.HttpSessionSecurityContextRepository] - Stored SecurityContextImpl [Authentication=UsernamePasswordAuthenticationToken [Principal=org.springframework.security.core.userdetails.User [Username=admin, Password=[PROTECTED], Enabled=true, AccountNonExpired=true, CredentialsNonExpired=true, AccountNonLocked=true, Granted Authorities=[ROLE_USER]], Credentials=[PROTECTED], Authenticated=true, Details=WebAuthenticationDetails [RemoteIpAddress=0:0:0:0:0:0:0:1, SessionId=65200F846BEF080244E6ECDE886BD538], Granted Authorities=[ROLE_USER]]] to HttpSession [org.apache.catalina.session.StandardSessionFacade@543b583b]
[2025-06-08 17:01:32] [DEBUG] [o.s.s.w.a.UsernamePasswordAuthenticationFilter] - Set SecurityContextHolder to UsernamePasswordAuthenticationToken [Principal=org.springframework.security.core.userdetails.User [Username=admin, Password=[PROTECTED], Enabled=true, AccountNonExpired=true, CredentialsNonExpired=true, AccountNonLocked=true, Granted Authorities=[ROLE_USER]], Credentials=[PROTECTED], Authenticated=true, Details=WebAuthenticationDetails [RemoteIpAddress=0:0:0:0:0:0:0:1, SessionId=65200F846BEF080244E6ECDE886BD538], Granted Authorities=[ROLE_USER]]
[2025-06-08 17:01:32] [DEBUG] [o.s.s.web.DefaultRedirectStrategy] - Redirecting to /tasks-view
[2025-06-08 17:01:32] [DEBUG] [o.s.security.web.FilterChainProxy] - Securing GET /tasks-view
[2025-06-08 17:01:32] [DEBUG] [o.s.s.w.c.HttpSessionSecurityContextRepository] - Retrieved SecurityContextImpl [Authentication=UsernamePasswordAuthenticationToken [Principal=org.springframework.security.core.userdetails.User [Username=admin, Password=[PROTECTED], Enabled=true, AccountNonExpired=true, CredentialsNonExpired=true, AccountNonLocked=true, Granted Authorities=[ROLE_USER]], Credentials=[PROTECTED], Authenticated=true, Details=WebAuthenticationDetails [RemoteIpAddress=0:0:0:0:0:0:0:1, SessionId=65200F846BEF080244E6ECDE886BD538], Granted Authorities=[ROLE_USER]]]
[2025-06-08 17:01:32] [DEBUG] [o.s.security.web.FilterChainProxy] - Secured GET /tasks-view
[2025-06-08 17:01:32] [DEBUG] [o.s.security.web.FilterChainProxy] - Securing GET /css/style.css
[2025-06-08 17:01:32] [DEBUG] [o.s.security.web.FilterChainProxy] - Secured GET /css/style.css
[2025-06-08 17:01:32] [DEBUG] [o.s.s.w.c.HttpSessionSecurityContextRepository] - Retrieved SecurityContextImpl [Authentication=UsernamePasswordAuthenticationToken [Principal=org.springframework.security.core.userdetails.User [Username=admin, Password=[PROTECTED], Enabled=true, AccountNonExpired=true, CredentialsNonExpired=true, AccountNonLocked=true, Granted Authorities=[ROLE_USER]], Credentials=[PROTECTED], Authenticated=true, Details=WebAuthenticationDetails [RemoteIpAddress=0:0:0:0:0:0:0:1, SessionId=65200F846BEF080244E6ECDE886BD538], Granted Authorities=[ROLE_USER]]]
[2025-06-08 17:01:43] [INFO ] [c.c.c.service.TaskExecutorService] - Verificando tareas pendientes para ejecutar...
[2025-06-08 17:01:43] [WARN ] [c.c.c.service.TaskExecutorService] - ❌ La ruta '/v1app/script/prueba2.sh' de la tarea ID 3 no existe. Se omite la ejecución.
[2025-06-08 17:01:43] [WARN ] [c.c.c.service.TaskExecutorService] - ❌ La ruta '/v1app/script/prueba2.sh' de la tarea ID 4 no existe. Se omite la ejecución.
[2025-06-08 17:01:43] [WARN ] [c.c.c.service.TaskExecutorService] - ❌ La ruta '/v1app/script/prueba.sh' de la tarea ID 5 no existe. Se omite la ejecución.
[2025-06-08 17:01:43] [INFO ] [c.c.c.service.TaskExecutorService] - Verificación de tareas finalizada.
[2025-06-08 17:02:01] [DEBUG] [o.s.security.web.FilterChainProxy] - Securing POST /logout
[2025-06-08 17:02:01] [DEBUG] [o.s.s.w.c.HttpSessionSecurityContextRepository] - Retrieved SecurityContextImpl [Authentication=UsernamePasswordAuthenticationToken [Principal=org.springframework.security.core.userdetails.User [Username=admin, Password=[PROTECTED], Enabled=true, AccountNonExpired=true, CredentialsNonExpired=true, AccountNonLocked=true, Granted Authorities=[ROLE_USER]], Credentials=[PROTECTED], Authenticated=true, Details=WebAuthenticationDetails [RemoteIpAddress=0:0:0:0:0:0:0:1, SessionId=65200F846BEF080244E6ECDE886BD538], Granted Authorities=[ROLE_USER]]]
[2025-06-08 17:02:01] [DEBUG] [o.s.s.w.a.logout.LogoutFilter] - Logging out [UsernamePasswordAuthenticationToken [Principal=org.springframework.security.core.userdetails.User [Username=admin, Password=[PROTECTED], Enabled=true, AccountNonExpired=true, CredentialsNonExpired=true, AccountNonLocked=true, Granted Authorities=[ROLE_USER]], Credentials=[PROTECTED], Authenticated=true, Details=WebAuthenticationDetails [RemoteIpAddress=0:0:0:0:0:0:0:1, SessionId=65200F846BEF080244E6ECDE886BD538], Granted Authorities=[ROLE_USER]]]
[2025-06-08 17:02:01] [DEBUG] [o.s.s.w.a.l.SecurityContextLogoutHandler] - Invalidated session 2FF830B98C310CFED3790ADBD01EA39A
[2025-06-08 17:02:01] [DEBUG] [o.s.s.web.DefaultRedirectStrategy] - Redirecting to /login?logout
[2025-06-08 17:02:01] [DEBUG] [o.s.security.web.FilterChainProxy] - Securing GET /login?logout
[2025-06-08 17:02:01] [DEBUG] [o.s.security.web.FilterChainProxy] - Secured GET /login?logout
[2025-06-08 17:02:01] [DEBUG] [o.s.s.w.a.AnonymousAuthenticationFilter] - Set SecurityContextHolder to anonymous SecurityContext
[2025-06-08 17:02:01] [DEBUG] [o.s.security.web.FilterChainProxy] - Securing GET /css/style.css
[2025-06-08 17:02:01] [DEBUG] [o.s.security.web.FilterChainProxy] - Secured GET /css/style.css
[2025-06-08 17:02:01] [DEBUG] [o.s.s.w.a.AnonymousAuthenticationFilter] - Set SecurityContextHolder to anonymous SecurityContext
[2025-06-08 17:02:04] [DEBUG] [o.s.security.web.FilterChainProxy] - Securing GET /tasks-view
[2025-06-08 17:02:04] [DEBUG] [o.s.s.w.a.AnonymousAuthenticationFilter] - Set SecurityContextHolder to anonymous SecurityContext
[2025-06-08 17:02:04] [DEBUG] [o.s.s.w.s.HttpSessionRequestCache] - Saved request http://localhost:8080/tasks-view?continue to session
[2025-06-08 17:02:04] [DEBUG] [o.s.s.web.DefaultRedirectStrategy] - Redirecting to http://localhost:8080/login
[2025-06-08 17:02:04] [DEBUG] [o.s.security.web.FilterChainProxy] - Securing GET /login
[2025-06-08 17:02:04] [DEBUG] [o.s.security.web.FilterChainProxy] - Secured GET /login
[2025-06-08 17:02:04] [DEBUG] [o.s.s.w.a.AnonymousAuthenticationFilter] - Set SecurityContextHolder to anonymous SecurityContext
[2025-06-08 17:02:04] [DEBUG] [o.s.security.web.FilterChainProxy] - Securing GET /css/style.css
[2025-06-08 17:02:04] [DEBUG] [o.s.security.web.FilterChainProxy] - Secured GET /css/style.css
[2025-06-08 17:02:04] [DEBUG] [o.s.s.w.a.AnonymousAuthenticationFilter] - Set SecurityContextHolder to anonymous SecurityContext
[2025-06-08 17:02:04] [DEBUG] [o.s.security.web.FilterChainProxy] - Securing GET /tasks-view
[2025-06-08 17:02:04] [DEBUG] [o.s.s.w.a.AnonymousAuthenticationFilter] - Set SecurityContextHolder to anonymous SecurityContext
[2025-06-08 17:02:04] [DEBUG] [o.s.s.w.s.HttpSessionRequestCache] - Saved request http://localhost:8080/tasks-view?continue to session
[2025-06-08 17:02:04] [DEBUG] [o.s.s.web.DefaultRedirectStrategy] - Redirecting to http://localhost:8080/login
[2025-06-08 17:02:04] [DEBUG] [o.s.security.web.FilterChainProxy] - Securing GET /login
[2025-06-08 17:02:04] [DEBUG] [o.s.security.web.FilterChainProxy] - Secured GET /login
[2025-06-08 17:02:04] [DEBUG] [o.s.s.w.a.AnonymousAuthenticationFilter] - Set SecurityContextHolder to anonymous SecurityContext
[2025-06-08 17:02:04] [DEBUG] [o.s.security.web.FilterChainProxy] - Securing GET /css/style.css
[2025-06-08 17:02:04] [DEBUG] [o.s.security.web.FilterChainProxy] - Secured GET /css/style.css
[2025-06-08 17:02:04] [DEBUG] [o.s.s.w.a.AnonymousAuthenticationFilter] - Set SecurityContextHolder to anonymous SecurityContext
[2025-06-08 17:02:05] [DEBUG] [o.s.security.web.FilterChainProxy] - Securing GET /login
[2025-06-08 17:02:05] [DEBUG] [o.s.security.web.FilterChainProxy] - Secured GET /login
[2025-06-08 17:02:05] [DEBUG] [o.s.s.w.a.AnonymousAuthenticationFilter] - Set SecurityContextHolder to anonymous SecurityContext
[2025-06-08 17:02:05] [DEBUG] [o.s.security.web.FilterChainProxy] - Securing GET /css/style.css
[2025-06-08 17:02:05] [DEBUG] [o.s.security.web.FilterChainProxy] - Secured GET /css/style.css
[2025-06-08 17:02:05] [DEBUG] [o.s.s.w.a.AnonymousAuthenticationFilter] - Set SecurityContextHolder to anonymous SecurityContext
[2025-06-08 17:02:08] [INFO ] [o.s.b.w.e.tomcat.GracefulShutdown] - Commencing graceful shutdown. Waiting for active requests to complete
[2025-06-08 17:02:08] [INFO ] [o.s.b.w.e.tomcat.GracefulShutdown] - Graceful shutdown complete
[2025-06-08 17:02:08] [INFO ] [o.s.o.j.LocalContainerEntityManagerFactoryBean] - Closing JPA EntityManagerFactory for persistence unit 'default'
[2025-06-08 17:02:08] [INFO ] [com.zaxxer.hikari.HikariDataSource] - HikariPool-1 - Shutdown initiated...
[2025-06-08 17:02:08] [INFO ] [com.zaxxer.hikari.HikariDataSource] - HikariPool-1 - Shutdown completed.
[2025-06-08 17:05:18] [INFO ] [c.c.c.CalendarAppApplication] - Starting CalendarAppApplication using Java 24 with PID 9012 (D:\Project\calendarApp\target\classes started by Jhon in D:\Project\calendarApp)
[2025-06-08 17:05:18] [INFO ] [c.c.c.CalendarAppApplication] - No active profile set, falling back to 1 default profile: "default"
[2025-06-08 17:05:19] [INFO ] [o.s.d.r.c.RepositoryConfigurationDelegate] - Bootstrapping Spring Data JPA repositories in DEFAULT mode.
[2025-06-08 17:05:19] [INFO ] [o.s.d.r.c.RepositoryConfigurationDelegate] - Finished Spring Data repository scanning in 35 ms. Found 2 JPA repository interfaces.
[2025-06-08 17:05:20] [INFO ] [o.s.b.w.e.tomcat.TomcatWebServer] - Tomcat initialized with port 8080 (http)
[2025-06-08 17:05:20] [INFO ] [o.a.coyote.http11.Http11NioProtocol] - Initializing ProtocolHandler ["http-nio-8080"]
[2025-06-08 17:05:20] [INFO ] [o.a.catalina.core.StandardService] - Starting service [Tomcat]
[2025-06-08 17:05:20] [INFO ] [o.a.catalina.core.StandardEngine] - Starting Servlet engine: [Apache Tomcat/10.1.41]
[2025-06-08 17:05:20] [INFO ] [o.a.c.c.C.[Tomcat].[localhost].[/]] - Initializing Spring embedded WebApplicationContext
[2025-06-08 17:05:20] [INFO ] [o.s.b.w.s.c.ServletWebServerApplicationContext] - Root WebApplicationContext: initialization completed in 1537 ms
[2025-06-08 17:05:20] [INFO ] [o.h.jpa.internal.util.LogHelper] - HHH000204: Processing PersistenceUnitInfo [name: default]
[2025-06-08 17:05:20] [INFO ] [org.hibernate.Version] - HHH000412: Hibernate ORM core version 6.6.15.Final
[2025-06-08 17:05:21] [INFO ] [o.h.c.i.RegionFactoryInitiator] - HHH000026: Second-level cache disabled
[2025-06-08 17:05:21] [INFO ] [o.s.o.j.p.SpringPersistenceUnitInfo] - No LoadTimeWeaver setup: ignoring JPA class transformer
[2025-06-08 17:05:21] [INFO ] [com.zaxxer.hikari.HikariDataSource] - HikariPool-1 - Starting...
[2025-06-08 17:05:21] [INFO ] [com.zaxxer.hikari.pool.HikariPool] - HikariPool-1 - Added connection org.sqlite.jdbc4.JDBC4Connection@5fdb7394
[2025-06-08 17:05:21] [INFO ] [com.zaxxer.hikari.HikariDataSource] - HikariPool-1 - Start completed.
[2025-06-08 17:05:21] [INFO ] [o.hibernate.orm.connections.pooling] - HHH10001005: Database info:
	Database JDBC URL [Connecting through datasource 'HikariDataSource (HikariPool-1)']
	Database driver: undefined/unknown
	Database version: 0.0
	Autocommit mode: undefined/unknown
	Isolation level: undefined/unknown
	Minimum pool size: undefined/unknown
	Maximum pool size: undefined/unknown
[2025-06-08 17:05:22] [INFO ] [o.h.e.t.j.p.i.JtaPlatformInitiator] - HHH000489: No JTA platform available (set 'hibernate.transaction.jta.platform' to enable JTA platform integration)
[2025-06-08 17:05:22] [INFO ] [o.s.o.j.LocalContainerEntityManagerFactoryBean] - Initialized JPA EntityManagerFactory for persistence unit 'default'
[2025-06-08 17:05:22] [INFO ] [o.s.d.j.r.query.QueryEnhancerFactory] - Hibernate is in classpath; If applicable, HQL parser will be used.
[2025-06-08 17:05:23] [WARN ] [o.s.b.a.o.j.JpaBaseConfiguration$JpaWebConfiguration] - spring.jpa.open-in-view is enabled by default. Therefore, database queries may be performed during view rendering. Explicitly configure spring.jpa.open-in-view to disable this warning
[2025-06-08 17:05:23] [INFO ] [o.s.s.c.a.a.c.InitializeUserDetailsBeanManagerConfigurer$InitializeUserDetailsManagerConfigurer] - Global AuthenticationManager configured with UserDetailsService bean with name customUserDetailsService
[2025-06-08 17:05:23] [DEBUG] [o.s.s.web.DefaultSecurityFilterChain] - Will secure any request with filters: DisableEncodeUrlFilter, WebAsyncManagerIntegrationFilter, SecurityContextHolderFilter, HeaderWriterFilter, CsrfFilter, LogoutFilter, UsernamePasswordAuthenticationFilter, RequestCacheAwareFilter, SecurityContextHolderAwareRequestFilter, AnonymousAuthenticationFilter, ExceptionTranslationFilter, AuthorizationFilter
[2025-06-08 17:05:24] [INFO ] [o.a.coyote.http11.Http11NioProtocol] - Starting ProtocolHandler ["http-nio-8080"]
[2025-06-08 17:05:24] [INFO ] [o.s.b.w.e.tomcat.TomcatWebServer] - Tomcat started on port 8080 (http) with context path '/'
[2025-06-08 17:05:24] [INFO ] [c.c.c.CalendarAppApplication] - Started CalendarAppApplication in 5.984 seconds (process running for 6.311)
[2025-06-08 17:05:24] [INFO ] [c.c.c.service.TaskExecutorService] - Verificando tareas pendientes para ejecutar...
[2025-06-08 17:05:24] [WARN ] [c.c.c.service.TaskExecutorService] - ❌ La ruta '/v1app/script/prueba2.sh' de la tarea ID 3 no existe. Se omite la ejecución.
[2025-06-08 17:05:24] [WARN ] [c.c.c.service.TaskExecutorService] - ❌ La ruta '/v1app/script/prueba2.sh' de la tarea ID 4 no existe. Se omite la ejecución.
[2025-06-08 17:05:24] [WARN ] [c.c.c.service.TaskExecutorService] - ❌ La ruta '/v1app/script/prueba.sh' de la tarea ID 5 no existe. Se omite la ejecución.
[2025-06-08 17:05:24] [INFO ] [c.c.c.service.TaskExecutorService] - Verificación de tareas finalizada.
[2025-06-08 17:05:27] [INFO ] [o.a.c.c.C.[Tomcat].[localhost].[/]] - Initializing Spring DispatcherServlet 'dispatcherServlet'
[2025-06-08 17:05:27] [INFO ] [o.s.web.servlet.DispatcherServlet] - Initializing Servlet 'dispatcherServlet'
[2025-06-08 17:05:27] [INFO ] [o.s.web.servlet.DispatcherServlet] - Completed initialization in 1 ms
[2025-06-08 17:05:27] [DEBUG] [o.s.security.web.FilterChainProxy] - Securing GET /login
[2025-06-08 17:05:27] [DEBUG] [o.s.security.web.FilterChainProxy] - Secured GET /login
[2025-06-08 17:05:28] [DEBUG] [o.s.s.w.a.AnonymousAuthenticationFilter] - Set SecurityContextHolder to anonymous SecurityContext
[2025-06-08 17:05:28] [DEBUG] [o.s.security.web.FilterChainProxy] - Securing GET /css/style.css
[2025-06-08 17:05:28] [DEBUG] [o.s.security.web.FilterChainProxy] - Secured GET /css/style.css
[2025-06-08 17:05:28] [DEBUG] [o.s.s.w.a.AnonymousAuthenticationFilter] - Set SecurityContextHolder to anonymous SecurityContext
[2025-06-08 17:05:38] [DEBUG] [o.s.security.web.FilterChainProxy] - Securing POST /login
[2025-06-08 17:05:38] [DEBUG] [o.s.s.a.d.DaoAuthenticationProvider] - Failed to authenticate since password does not match stored value
[2025-06-08 17:05:38] [DEBUG] [o.s.s.authentication.ProviderManager] - Authentication failed with provider DaoAuthenticationProvider since Credenciales erróneas
[2025-06-08 17:05:38] [DEBUG] [o.s.s.authentication.ProviderManager] - Denying authentication since all attempted providers failed
[2025-06-08 17:05:38] [DEBUG] [o.s.s.web.DefaultRedirectStrategy] - Redirecting to /login?error
[2025-06-08 17:05:38] [DEBUG] [o.s.security.web.FilterChainProxy] - Securing GET /login?error
[2025-06-08 17:05:38] [DEBUG] [o.s.security.web.FilterChainProxy] - Secured GET /login?error
[2025-06-08 17:05:38] [DEBUG] [o.s.s.w.a.AnonymousAuthenticationFilter] - Set SecurityContextHolder to anonymous SecurityContext
[2025-06-08 17:05:38] [DEBUG] [o.s.security.web.FilterChainProxy] - Securing GET /css/style.css
[2025-06-08 17:05:38] [DEBUG] [o.s.security.web.FilterChainProxy] - Secured GET /css/style.css
[2025-06-08 17:05:38] [DEBUG] [o.s.s.w.a.AnonymousAuthenticationFilter] - Set SecurityContextHolder to anonymous SecurityContext
[2025-06-08 17:05:44] [DEBUG] [o.s.security.web.FilterChainProxy] - Securing POST /login
[2025-06-08 17:05:44] [DEBUG] [o.s.s.a.d.DaoAuthenticationProvider] - Authenticated user
[2025-06-08 17:05:44] [DEBUG] [o.s.s.w.a.s.ChangeSessionIdAuthenticationStrategy] - Changed session id from B2F132FE1D7D1708C3FD2F7799B9E527
[2025-06-08 17:05:44] [DEBUG] [o.s.s.w.c.CsrfAuthenticationStrategy] - Replaced CSRF Token
[2025-06-08 17:05:44] [DEBUG] [o.s.s.w.c.HttpSessionSecurityContextRepository] - Stored SecurityContextImpl [Authentication=UsernamePasswordAuthenticationToken [Principal=org.springframework.security.core.userdetails.User [Username=admin, Password=[PROTECTED], Enabled=true, AccountNonExpired=true, CredentialsNonExpired=true, AccountNonLocked=true, Granted Authorities=[ROLE_USER]], Credentials=[PROTECTED], Authenticated=true, Details=WebAuthenticationDetails [RemoteIpAddress=0:0:0:0:0:0:0:1, SessionId=B2F132FE1D7D1708C3FD2F7799B9E527], Granted Authorities=[ROLE_USER]]] to HttpSession [org.apache.catalina.session.StandardSessionFacade@4b624061]
[2025-06-08 17:05:44] [DEBUG] [o.s.s.w.a.UsernamePasswordAuthenticationFilter] - Set SecurityContextHolder to UsernamePasswordAuthenticationToken [Principal=org.springframework.security.core.userdetails.User [Username=admin, Password=[PROTECTED], Enabled=true, AccountNonExpired=true, CredentialsNonExpired=true, AccountNonLocked=true, Granted Authorities=[ROLE_USER]], Credentials=[PROTECTED], Authenticated=true, Details=WebAuthenticationDetails [RemoteIpAddress=0:0:0:0:0:0:0:1, SessionId=B2F132FE1D7D1708C3FD2F7799B9E527], Granted Authorities=[ROLE_USER]]
[2025-06-08 17:05:44] [DEBUG] [o.s.s.web.DefaultRedirectStrategy] - Redirecting to /tasks-view
[2025-06-08 17:05:44] [DEBUG] [o.s.security.web.FilterChainProxy] - Securing GET /tasks-view
[2025-06-08 17:05:44] [DEBUG] [o.s.s.w.c.HttpSessionSecurityContextRepository] - Retrieved SecurityContextImpl [Authentication=UsernamePasswordAuthenticationToken [Principal=org.springframework.security.core.userdetails.User [Username=admin, Password=[PROTECTED], Enabled=true, AccountNonExpired=true, CredentialsNonExpired=true, AccountNonLocked=true, Granted Authorities=[ROLE_USER]], Credentials=[PROTECTED], Authenticated=true, Details=WebAuthenticationDetails [RemoteIpAddress=0:0:0:0:0:0:0:1, SessionId=B2F132FE1D7D1708C3FD2F7799B9E527], Granted Authorities=[ROLE_USER]]]
[2025-06-08 17:05:44] [DEBUG] [o.s.security.web.FilterChainProxy] - Secured GET /tasks-view
[2025-06-08 17:05:44] [DEBUG] [o.s.security.web.FilterChainProxy] - Securing GET /css/style.css
[2025-06-08 17:05:44] [DEBUG] [o.s.security.web.FilterChainProxy] - Secured GET /css/style.css
[2025-06-08 17:05:44] [DEBUG] [o.s.s.w.c.HttpSessionSecurityContextRepository] - Retrieved SecurityContextImpl [Authentication=UsernamePasswordAuthenticationToken [Principal=org.springframework.security.core.userdetails.User [Username=admin, Password=[PROTECTED], Enabled=true, AccountNonExpired=true, CredentialsNonExpired=true, AccountNonLocked=true, Granted Authorities=[ROLE_USER]], Credentials=[PROTECTED], Authenticated=true, Details=WebAuthenticationDetails [RemoteIpAddress=0:0:0:0:0:0:0:1, SessionId=B2F132FE1D7D1708C3FD2F7799B9E527], Granted Authorities=[ROLE_USER]]]
[2025-06-08 17:06:01] [DEBUG] [o.s.security.web.FilterChainProxy] - Securing POST /tasks
[2025-06-08 17:06:01] [DEBUG] [o.s.s.w.c.HttpSessionSecurityContextRepository] - Retrieved SecurityContextImpl [Authentication=UsernamePasswordAuthenticationToken [Principal=org.springframework.security.core.userdetails.User [Username=admin, Password=[PROTECTED], Enabled=true, AccountNonExpired=true, CredentialsNonExpired=true, AccountNonLocked=true, Granted Authorities=[ROLE_USER]], Credentials=[PROTECTED], Authenticated=true, Details=WebAuthenticationDetails [RemoteIpAddress=0:0:0:0:0:0:0:1, SessionId=B2F132FE1D7D1708C3FD2F7799B9E527], Granted Authorities=[ROLE_USER]]]
[2025-06-08 17:06:01] [DEBUG] [o.s.security.web.FilterChainProxy] - Secured POST /tasks
[2025-06-08 17:06:01] [DEBUG] [o.s.security.web.FilterChainProxy] - Securing GET /tasks-view
[2025-06-08 17:06:01] [DEBUG] [o.s.s.w.c.HttpSessionSecurityContextRepository] - Retrieved SecurityContextImpl [Authentication=UsernamePasswordAuthenticationToken [Principal=org.springframework.security.core.userdetails.User [Username=admin, Password=[PROTECTED], Enabled=true, AccountNonExpired=true, CredentialsNonExpired=true, AccountNonLocked=true, Granted Authorities=[ROLE_USER]], Credentials=[PROTECTED], Authenticated=true, Details=WebAuthenticationDetails [RemoteIpAddress=0:0:0:0:0:0:0:1, SessionId=B2F132FE1D7D1708C3FD2F7799B9E527], Granted Authorities=[ROLE_USER]]]
[2025-06-08 17:06:01] [DEBUG] [o.s.security.web.FilterChainProxy] - Secured GET /tasks-view
[2025-06-08 17:06:01] [DEBUG] [o.s.security.web.FilterChainProxy] - Securing GET /css/style.css
[2025-06-08 17:06:01] [DEBUG] [o.s.security.web.FilterChainProxy] - Secured GET /css/style.css
[2025-06-08 17:06:01] [DEBUG] [o.s.s.w.c.HttpSessionSecurityContextRepository] - Retrieved SecurityContextImpl [Authentication=UsernamePasswordAuthenticationToken [Principal=org.springframework.security.core.userdetails.User [Username=admin, Password=[PROTECTED], Enabled=true, AccountNonExpired=true, CredentialsNonExpired=true, AccountNonLocked=true, Granted Authorities=[ROLE_USER]], Credentials=[PROTECTED], Authenticated=true, Details=WebAuthenticationDetails [RemoteIpAddress=0:0:0:0:0:0:0:1, SessionId=B2F132FE1D7D1708C3FD2F7799B9E527], Granted Authorities=[ROLE_USER]]]
[2025-06-08 17:06:24] [INFO ] [c.c.c.service.TaskExecutorService] - Verificando tareas pendientes para ejecutar...
[2025-06-08 17:06:24] [WARN ] [c.c.c.service.TaskExecutorService] - ❌ La ruta '/v1app/script/prueba2.sh' de la tarea ID 3 no existe. Se omite la ejecución.
[2025-06-08 17:06:24] [WARN ] [c.c.c.service.TaskExecutorService] - ❌ La ruta '/v1app/script/prueba2.sh' de la tarea ID 4 no existe. Se omite la ejecución.
[2025-06-08 17:06:24] [WARN ] [c.c.c.service.TaskExecutorService] - ❌ La ruta '/v1app/script/prueba.sh' de la tarea ID 5 no existe. Se omite la ejecución.
[2025-06-08 17:06:24] [INFO ] [c.c.c.service.TaskExecutorService] - Verificación de tareas finalizada.
[2025-06-08 17:06:27] [DEBUG] [o.s.security.web.FilterChainProxy] - Securing POST /logout
[2025-06-08 17:06:27] [DEBUG] [o.s.s.w.c.HttpSessionSecurityContextRepository] - Retrieved SecurityContextImpl [Authentication=UsernamePasswordAuthenticationToken [Principal=org.springframework.security.core.userdetails.User [Username=admin, Password=[PROTECTED], Enabled=true, AccountNonExpired=true, CredentialsNonExpired=true, AccountNonLocked=true, Granted Authorities=[ROLE_USER]], Credentials=[PROTECTED], Authenticated=true, Details=WebAuthenticationDetails [RemoteIpAddress=0:0:0:0:0:0:0:1, SessionId=B2F132FE1D7D1708C3FD2F7799B9E527], Granted Authorities=[ROLE_USER]]]
[2025-06-08 17:06:27] [DEBUG] [o.s.s.w.a.logout.LogoutFilter] - Logging out [UsernamePasswordAuthenticationToken [Principal=org.springframework.security.core.userdetails.User [Username=admin, Password=[PROTECTED], Enabled=true, AccountNonExpired=true, CredentialsNonExpired=true, AccountNonLocked=true, Granted Authorities=[ROLE_USER]], Credentials=[PROTECTED], Authenticated=true, Details=WebAuthenticationDetails [RemoteIpAddress=0:0:0:0:0:0:0:1, SessionId=B2F132FE1D7D1708C3FD2F7799B9E527], Granted Authorities=[ROLE_USER]]]
[2025-06-08 17:06:27] [DEBUG] [o.s.s.w.a.l.SecurityContextLogoutHandler] - Invalidated session 9688F62B196D7619D5A58A077FDAF765
[2025-06-08 17:06:27] [DEBUG] [o.s.s.web.DefaultRedirectStrategy] - Redirecting to /login?logout
[2025-06-08 17:06:27] [DEBUG] [o.s.security.web.FilterChainProxy] - Securing GET /login?logout
[2025-06-08 17:06:27] [DEBUG] [o.s.security.web.FilterChainProxy] - Secured GET /login?logout
[2025-06-08 17:06:27] [DEBUG] [o.s.s.w.a.AnonymousAuthenticationFilter] - Set SecurityContextHolder to anonymous SecurityContext
[2025-06-08 17:06:27] [DEBUG] [o.s.security.web.FilterChainProxy] - Securing GET /css/style.css
[2025-06-08 17:06:27] [DEBUG] [o.s.security.web.FilterChainProxy] - Secured GET /css/style.css
[2025-06-08 17:06:27] [DEBUG] [o.s.s.w.a.AnonymousAuthenticationFilter] - Set SecurityContextHolder to anonymous SecurityContext
[2025-06-08 17:06:28] [DEBUG] [o.s.security.web.FilterChainProxy] - Securing GET /tasks-view
[2025-06-08 17:06:28] [DEBUG] [o.s.s.w.a.AnonymousAuthenticationFilter] - Set SecurityContextHolder to anonymous SecurityContext
[2025-06-08 17:06:28] [DEBUG] [o.s.s.w.s.HttpSessionRequestCache] - Saved request http://localhost:8080/tasks-view?continue to session
[2025-06-08 17:06:28] [DEBUG] [o.s.s.web.DefaultRedirectStrategy] - Redirecting to http://localhost:8080/login
[2025-06-08 17:06:28] [DEBUG] [o.s.security.web.FilterChainProxy] - Securing GET /login
[2025-06-08 17:06:28] [DEBUG] [o.s.security.web.FilterChainProxy] - Secured GET /login
[2025-06-08 17:06:28] [DEBUG] [o.s.s.w.a.AnonymousAuthenticationFilter] - Set SecurityContextHolder to anonymous SecurityContext
[2025-06-08 17:06:28] [DEBUG] [o.s.security.web.FilterChainProxy] - Securing GET /css/style.css
[2025-06-08 17:06:28] [DEBUG] [o.s.security.web.FilterChainProxy] - Secured GET /css/style.css
[2025-06-08 17:06:28] [DEBUG] [o.s.s.w.a.AnonymousAuthenticationFilter] - Set SecurityContextHolder to anonymous SecurityContext
[2025-06-08 17:06:33] [INFO ] [o.s.b.w.e.tomcat.GracefulShutdown] - Commencing graceful shutdown. Waiting for active requests to complete
[2025-06-08 17:06:33] [INFO ] [o.s.b.w.e.tomcat.GracefulShutdown] - Graceful shutdown complete
[2025-06-08 17:06:33] [INFO ] [o.s.o.j.LocalContainerEntityManagerFactoryBean] - Closing JPA EntityManagerFactory for persistence unit 'default'
[2025-06-08 17:06:33] [INFO ] [com.zaxxer.hikari.HikariDataSource] - HikariPool-1 - Shutdown initiated...
[2025-06-08 17:06:33] [INFO ] [com.zaxxer.hikari.HikariDataSource] - HikariPool-1 - Shutdown completed.
[2025-06-08 17:07:28] [INFO ] [c.c.c.CalendarAppApplication] - Starting CalendarAppApplication using Java 24 with PID 18012 (D:\Project\calendarApp\target\classes started by Jhon in D:\Project\calendarApp)
[2025-06-08 17:07:28] [INFO ] [c.c.c.CalendarAppApplication] - No active profile set, falling back to 1 default profile: "default"
[2025-06-08 17:07:28] [INFO ] [o.s.d.r.c.RepositoryConfigurationDelegate] - Bootstrapping Spring Data JPA repositories in DEFAULT mode.
[2025-06-08 17:07:29] [INFO ] [o.s.d.r.c.RepositoryConfigurationDelegate] - Finished Spring Data repository scanning in 38 ms. Found 2 JPA repository interfaces.
[2025-06-08 17:07:29] [INFO ] [o.s.b.w.e.tomcat.TomcatWebServer] - Tomcat initialized with port 8080 (http)
[2025-06-08 17:07:29] [INFO ] [o.a.coyote.http11.Http11NioProtocol] - Initializing ProtocolHandler ["http-nio-8080"]
[2025-06-08 17:07:29] [INFO ] [o.a.catalina.core.StandardService] - Starting service [Tomcat]
[2025-06-08 17:07:29] [INFO ] [o.a.catalina.core.StandardEngine] - Starting Servlet engine: [Apache Tomcat/10.1.41]
[2025-06-08 17:07:29] [INFO ] [o.a.c.c.C.[Tomcat].[localhost].[/]] - Initializing Spring embedded WebApplicationContext
[2025-06-08 17:07:29] [INFO ] [o.s.b.w.s.c.ServletWebServerApplicationContext] - Root WebApplicationContext: initialization completed in 1487 ms
[2025-06-08 17:07:30] [INFO ] [o.h.jpa.internal.util.LogHelper] - HHH000204: Processing PersistenceUnitInfo [name: default]
[2025-06-08 17:07:30] [INFO ] [org.hibernate.Version] - HHH000412: Hibernate ORM core version 6.6.15.Final
[2025-06-08 17:07:30] [INFO ] [o.h.c.i.RegionFactoryInitiator] - HHH000026: Second-level cache disabled
[2025-06-08 17:07:30] [INFO ] [o.s.o.j.p.SpringPersistenceUnitInfo] - No LoadTimeWeaver setup: ignoring JPA class transformer
[2025-06-08 17:07:30] [INFO ] [com.zaxxer.hikari.HikariDataSource] - HikariPool-1 - Starting...
[2025-06-08 17:07:31] [INFO ] [com.zaxxer.hikari.pool.HikariPool] - HikariPool-1 - Added connection org.sqlite.jdbc4.JDBC4Connection@3d6778d5
[2025-06-08 17:07:31] [INFO ] [com.zaxxer.hikari.HikariDataSource] - HikariPool-1 - Start completed.
[2025-06-08 17:07:31] [INFO ] [o.hibernate.orm.connections.pooling] - HHH10001005: Database info:
	Database JDBC URL [Connecting through datasource 'HikariDataSource (HikariPool-1)']
	Database driver: undefined/unknown
	Database version: 0.0
	Autocommit mode: undefined/unknown
	Isolation level: undefined/unknown
	Minimum pool size: undefined/unknown
	Maximum pool size: undefined/unknown
[2025-06-08 17:07:31] [INFO ] [o.h.e.t.j.p.i.JtaPlatformInitiator] - HHH000489: No JTA platform available (set 'hibernate.transaction.jta.platform' to enable JTA platform integration)
[2025-06-08 17:07:31] [INFO ] [o.s.o.j.LocalContainerEntityManagerFactoryBean] - Initialized JPA EntityManagerFactory for persistence unit 'default'
[2025-06-08 17:07:31] [INFO ] [o.s.d.j.r.query.QueryEnhancerFactory] - Hibernate is in classpath; If applicable, HQL parser will be used.
[2025-06-08 17:07:32] [WARN ] [o.s.b.a.o.j.JpaBaseConfiguration$JpaWebConfiguration] - spring.jpa.open-in-view is enabled by default. Therefore, database queries may be performed during view rendering. Explicitly configure spring.jpa.open-in-view to disable this warning
[2025-06-08 17:07:33] [INFO ] [o.s.s.c.a.a.c.InitializeUserDetailsBeanManagerConfigurer$InitializeUserDetailsManagerConfigurer] - Global AuthenticationManager configured with UserDetailsService bean with name customUserDetailsService
[2025-06-08 17:07:33] [INFO ] [o.a.coyote.http11.Http11NioProtocol] - Starting ProtocolHandler ["http-nio-8080"]
[2025-06-08 17:07:33] [INFO ] [o.s.b.w.e.tomcat.TomcatWebServer] - Tomcat started on port 8080 (http) with context path '/'
[2025-06-08 17:07:33] [INFO ] [c.c.c.CalendarAppApplication] - Started CalendarAppApplication in 6.053 seconds (process running for 6.372)
[2025-06-08 17:07:33] [INFO ] [c.c.c.service.TaskExecutorService] - Verificando tareas pendientes para ejecutar...
[2025-06-08 17:07:34] [WARN ] [c.c.c.service.TaskExecutorService] - ❌ La ruta '/v1app/script/prueba2.sh' de la tarea ID 3 no existe. Se omite la ejecución.
[2025-06-08 17:07:34] [WARN ] [c.c.c.service.TaskExecutorService] - ❌ La ruta '/v1app/script/prueba2.sh' de la tarea ID 4 no existe. Se omite la ejecución.
[2025-06-08 17:07:34] [WARN ] [c.c.c.service.TaskExecutorService] - ❌ La ruta '/v1app/script/prueba.sh' de la tarea ID 5 no existe. Se omite la ejecución.
[2025-06-08 17:07:34] [INFO ] [c.c.c.service.TaskExecutorService] - Verificación de tareas finalizada.
[2025-06-08 17:07:37] [INFO ] [o.a.c.c.C.[Tomcat].[localhost].[/]] - Initializing Spring DispatcherServlet 'dispatcherServlet'
[2025-06-08 17:07:37] [INFO ] [o.s.web.servlet.DispatcherServlet] - Initializing Servlet 'dispatcherServlet'
[2025-06-08 17:07:37] [INFO ] [o.s.web.servlet.DispatcherServlet] - Completed initialization in 2 ms
[2025-06-08 17:08:24] [INFO ] [o.s.b.w.e.tomcat.GracefulShutdown] - Commencing graceful shutdown. Waiting for active requests to complete
[2025-06-08 17:08:24] [INFO ] [o.s.b.w.e.tomcat.GracefulShutdown] - Graceful shutdown complete
[2025-06-08 17:08:24] [INFO ] [o.s.o.j.LocalContainerEntityManagerFactoryBean] - Closing JPA EntityManagerFactory for persistence unit 'default'
[2025-06-08 17:08:24] [INFO ] [com.zaxxer.hikari.HikariDataSource] - HikariPool-1 - Shutdown initiated...
[2025-06-08 17:08:24] [INFO ] [com.zaxxer.hikari.HikariDataSource] - HikariPool-1 - Shutdown completed.
